#
# A fatal error has been detected by the Java Runtime Environment:
#
#  SIGSEGV (0xb) at pc=0x8d76eac2, pid=11169, tid=3062205248
#
# JRE version: Java(TM) SE Runtime Environment (7.0_45-b18) (build 1.7.0_45-b18)
# Java VM: Java HotSpot(TM) Server VM (24.45-b08 mixed mode linux-x86 )
# Problematic frame:
# C  [libopenal.so+0x1bac2]  alcCreateContext+0xd2
#
# Failed to write core dump. Core dumps have been disabled. To enable core dumping, try "ulimit -c unlimited" before starting Java again
#
# If you would like to submit a bug report, please visit:
#   http://bugreport.sun.com/bugreport/crash.jsp
# The crash happened outside the Java Virtual Machine in native code.
# See problematic frame for where to report the bug.
#

---------------  T H R E A D  ---------------

Current thread (0xb6707800):  JavaThread "main" [_thread_in_native, id=11174, stack(0xb6808000,0xb6859000)]

siginfo:si_signo=SIGSEGV: si_errno=0, si_code=2 (SEGV_ACCERR), si_addr=0x8e3fa004

Registers:
EAX=0x8e3fa004, EBX=0x8d7a2ff4, ECX=0x000000ff, EDX=0x00000001
ESP=0xb6857d00, EBP=0x8e3f9ffc, ESI=0x8d800030, EDI=0x00000001
EIP=0x8d76eac2, EFLAGS=0x00010293, CR2=0x8e3fa004

Top of Stack: (sp=0xb6857d00)
0xb6857d00:   b6707f8c b6707f7c b6707f7c fffffffe
0xb6857d10:   00000000 00000000 00000000 b3672b59
0xb6857d20:   00000008 b70c78e8 8fb47a50 00000004
0xb6857d30:   00000000 902de12d 00014cd7 00000000
0xb6857d40:   0000000d b6707f6c b6857e0c b367d314
0xb6857d50:   b6afa89e 000000ff b6f9ea96 b6857d6c
0xb6857d60:   b715f574 b68580c0 b6705d08 b6857dac
0xb6857d70:   b6d1633e b6857d98 00000004 0000ac44 

Instructions: (pc=0x8d76eac2)
0x8d76eaa2:   8d b6 00 00 00 00 8b 55 00 81 fa 11 10 00 00 74
0x8d76eab2:   3b 81 fa 03 00 02 00 75 07 8b 50 fc 89 54 24 78
0x8d76eac2:   8b 10 89 c5 83 c0 08 85 d2 74 3a 81 fa 07 10 00
0x8d76ead2:   00 75 d3 8b 50 fc 89 54 24 7c 83 8e cc 00 00 00 

Register to memory mapping:

EAX=0x8e3fa004 is an unknown value
EBX=0x8d7a2ff4: <offset 0x4fff4> in /tmp/libgdxnickan/13fdc6a4/libopenal.so at 0x8d753000
ECX=0x000000ff is an unknown value
EDX=0x00000001 is an unknown value
ESP=0xb6857d00 is pointing into the stack for thread: 0xb6707800
EBP=0x8e3f9ffc is an unknown value
ESI=0x8d800030 is an unknown value
EDI=0x00000001 is an unknown value


Stack: [0xb6808000,0xb6859000],  sp=0xb6857d00,  free space=319k
Native frames: (J=compiled Java code, j=interpreted, Vv=VM code, C=native code)
C  [libopenal.so+0x1bac2]  alcCreateContext+0xd2

Java frames: (J=compiled Java code, j=interpreted, Vv=VM code)
j  org.lwjgl.openal.ALC10.nalcCreateContext(JJ)J+0
j  org.lwjgl.openal.ALC10.alcCreateContext(Lorg/lwjgl/openal/ALCdevice;Ljava/nio/IntBuffer;)Lorg/lwjgl/openal/ALCcontext;+8
j  org.lwjgl.openal.AL.init(Ljava/lang/String;IIZZ)V+69
j  org.lwjgl.openal.AL.create(Ljava/lang/String;IIZZ)V+227
j  org.lwjgl.openal.AL.create(Ljava/lang/String;IIZ)V+5
j  org.lwjgl.openal.AL.create()V+6
j  com.badlogic.gdx.backends.openal.OpenALAudio.<init>(III)V+116
j  com.badlogic.gdx.backends.lwjgl.LwjglApplication.<init>(Lcom/badlogic/gdx/ApplicationListener;Lcom/badlogic/gdx/backends/lwjgl/LwjglApplicationConfiguration;Lcom/badlogic/gdx/backends/lwjgl/LwjglGraphics;)V+107
j  com.badlogic.gdx.backends.lwjgl.LwjglApplication.<init>(Lcom/badlogic/gdx/ApplicationListener;Lcom/badlogic/gdx/backends/lwjgl/LwjglApplicationConfiguration;)V+11
j  com.nickan.epiphany3D.Main.main([Ljava/lang/String;)V+44
v  ~StubRoutines::call_stub

---------------  P R O C E S S  ---------------

Java Threads: ( => current thread )
  0x8e3ecc00 JavaThread "AWT-XAWT" daemon [_thread_in_native, id=11186, stack(0x8d930000,0x8d981000)]
  0x8e3d9c00 JavaThread "Java2D Disposer" daemon [_thread_blocked, id=11185, stack(0x8d98c000,0x8d9dd000)]
  0x8e329400 JavaThread "Service Thread" daemon [_thread_blocked, id=11183, stack(0x8de39000,0x8de8a000)]
  0x8e327400 JavaThread "C2 CompilerThread1" daemon [_thread_blocked, id=11182, stack(0x8de8a000,0x8df0b000)]
  0x8e325400 JavaThread "C2 CompilerThread0" daemon [_thread_in_native, id=11181, stack(0x8df0b000,0x8df8c000)]
  0x8e323c00 JavaThread "Signal Dispatcher" daemon [_thread_blocked, id=11180, stack(0x8df8c000,0x8dfdd000)]
  0x8e314400 JavaThread "Finalizer" daemon [_thread_blocked, id=11179, stack(0x8e1dd000,0x8e22e000)]
  0x8e311c00 JavaThread "Reference Handler" daemon [_thread_blocked, id=11178, stack(0x8e22e000,0x8e27f000)]
=>0xb6707800 JavaThread "main" [_thread_in_native, id=11174, stack(0xb6808000,0xb6859000)]

Other Threads:
  0x8e310400 VMThread [stack: 0x8e27f000,0x8e300000] [id=11177]
  0x8e32b000 WatcherThread [stack: 0x8ddb8000,0x8de39000] [id=11184]

VM state:not at safepoint (normal execution)

VM Mutex/Monitor currently owned by a thread: None

Heap
 PSYoungGen      total 9472K, used 2855K [0xa8e00000, 0xa9880000, 0xb3580000)
  eden space 8192K, 34% used [0xa8e00000,0xa90c9e70,0xa9600000)
  from space 1280K, 0% used [0xa9740000,0xa9740000,0xa9880000)
  to   space 1280K, 0% used [0xa9600000,0xa9600000,0xa9740000)
 ParOldGen       total 21248K, used 0K [0x93f80000, 0x95440000, 0xa8e00000)
  object space 21248K, 0% used [0x93f80000,0x93f80000,0x95440000)
 PSPermGen       total 16384K, used 3467K [0x8ff80000, 0x90f80000, 0x93f80000)
  object space 16384K, 21% used [0x8ff80000,0x902e2d60,0x90f80000)

Card table byte_map: [0x8fe64000,0x8ff80000] byte_map_base: 0x8f9e4400

Polling page: 0xb778d000

Code Cache  [0xb366a000, 0xb38aa000, 0xb666a000)
 total_blobs=196 nmethods=9 adapters=142 free_code_cache=48820Kb largest_free_block=49980864

Compilation events (10 events):
Event: 0.325 Thread 0x8e325400    6             java.lang.String::lastIndexOf (52 bytes)
Event: 0.326 Thread 0x8e327400 nmethod 4 0xb36b7b08 code [0xb36b7c00, 0xb36b7d70]
Event: 0.329 Thread 0x8e325400 nmethod 6 0xb36b7808 code [0xb36b7900, 0xb36b7a3c]
Event: 0.423 Thread 0x8e327400    7             java.lang.String::startsWith (72 bytes)
Event: 0.434 Thread 0x8e327400 nmethod 7 0xb36b7488 code [0xb36b7580, 0xb36b7710]
Event: 0.468 Thread 0x8e325400    8             java.io.UnixFileSystem::normalize (75 bytes)
Event: 0.486 Thread 0x8e325400 nmethod 8 0xb36b6cc8 code [0xb36b6de0, 0xb36b6fe4]
Event: 0.641 Thread 0x8e327400    9             java.lang.Object::<init> (1 bytes)
Event: 0.642 Thread 0x8e327400 nmethod 9 0xb36bf848 code [0xb36bf940, 0xb36bf9b0]
Event: 0.682 Thread 0x8e325400   10             sun.net.www.ParseUtil::encodePath (336 bytes)

GC Heap History (0 events):
No events

Deoptimization events (0 events):
No events

Internal exceptions (10 events):
Event: 0.652 Thread 0xb6707800 Threw 0xa908cb28 at /HUDSON/workspace/7u-2-build-linux-i586/jdk7u45/229/hotspot/src/share/vm/prims/jvm.cpp:1244
Event: 0.654 Thread 0xb6707800 Threw 0xa9093d68 at /HUDSON/workspace/7u-2-build-linux-i586/jdk7u45/229/hotspot/src/share/vm/prims/jvm.cpp:1244
Event: 0.657 Thread 0xb6707800 Threw 0xa909ec70 at /HUDSON/workspace/7u-2-build-linux-i586/jdk7u45/229/hotspot/src/share/vm/prims/jvm.cpp:1244
Event: 0.658 Thread 0xb6707800 Threw 0xa90a2ad8 at /HUDSON/workspace/7u-2-build-linux-i586/jdk7u45/229/hotspot/src/share/vm/prims/jvm.cpp:1244
Event: 0.661 Thread 0xb6707800 Threw 0xa90a96c8 at /HUDSON/workspace/7u-2-build-linux-i586/jdk7u45/229/hotspot/src/share/vm/prims/jvm.cpp:1244
Event: 0.662 Thread 0xb6707800 Threw 0xa90acbd0 at /HUDSON/workspace/7u-2-build-linux-i586/jdk7u45/229/hotspot/src/share/vm/prims/jvm.cpp:1244
Event: 0.679 Thread 0xb6707800 Threw 0xa90b15b8 at /HUDSON/workspace/7u-2-build-linux-i586/jdk7u45/229/hotspot/src/share/vm/prims/jvm.cpp:1244
Event: 0.680 Thread 0xb6707800 Threw 0xa90b5af8 at /HUDSON/workspace/7u-2-build-linux-i586/jdk7u45/229/hotspot/src/share/vm/prims/jvm.cpp:1244
Event: 0.682 Thread 0xb6707800 Threw 0xa90b9ae0 at /HUDSON/workspace/7u-2-build-linux-i586/jdk7u45/229/hotspot/src/share/vm/prims/jvm.cpp:1244
Event: 0.684 Thread 0xb6707800 Threw 0xa90bddc0 at /HUDSON/workspace/7u-2-build-linux-i586/jdk7u45/229/hotspot/src/share/vm/prims/jvm.cpp:1244

Events (10 events):
Event: 0.679 loading class 0x8e3f2fa8
Event: 0.679 loading class 0x8e3f2fa8 done
Event: 0.680 loading class 0x8e3acf68
Event: 0.680 loading class 0x8e3acf68 done
Event: 0.681 loading class 0x8fb705e0
Event: 0.682 loading class 0x8fb705e0 done
Event: 0.682 loading class 0x8e3f2fd8
Event: 0.682 loading class 0x8e3f2fd8 done
Event: 0.684 loading class 0x8e3f2a20
Event: 0.684 loading class 0x8e3f2a20 done


Dynamic libraries:
08048000-08049000 r-xp 00000000 08:0a 673155     /usr/lib/jvm/java-7-oracle/bin/java
08049000-0804a000 rw-p 00000000 08:0a 673155     /usr/lib/jvm/java-7-oracle/bin/java
08692000-0871a000 rw-p 00000000 00:00 0          [heap]
88bde000-8cbdf000 rw-s 00000000 00:13 741078     /run/shm/pulse-shm-1782087595
8cbdf000-8cbe0000 ---p 00000000 00:00 0 
8cbe0000-8d3e0000 rw-p 00000000 00:00 0          [stack:11188]
8d3e0000-8d3f3000 r-xp 00000000 08:0a 525360     /lib/i386-linux-gnu/libresolv-2.17.so
8d3f3000-8d3f4000 r--p 00013000 08:0a 525360     /lib/i386-linux-gnu/libresolv-2.17.so
8d3f4000-8d3f5000 rw-p 00014000 08:0a 525360     /lib/i386-linux-gnu/libresolv-2.17.so
8d3f5000-8d3f7000 rw-p 00000000 00:00 0 
8d3f7000-8d3fe000 r-xp 00000000 08:0a 661395     /usr/lib/i386-linux-gnu/libogg.so.0.8.1
8d3fe000-8d3ff000 r--p 00006000 08:0a 661395     /usr/lib/i386-linux-gnu/libogg.so.0.8.1
8d3ff000-8d400000 rw-p 00007000 08:0a 661395     /usr/lib/i386-linux-gnu/libogg.so.0.8.1
8d400000-8d429000 r-xp 00000000 08:0a 661624     /usr/lib/i386-linux-gnu/libvorbis.so.0.4.5
8d429000-8d42a000 ---p 00029000 08:0a 661624     /usr/lib/i386-linux-gnu/libvorbis.so.0.4.5
8d42a000-8d42b000 r--p 00029000 08:0a 661624     /usr/lib/i386-linux-gnu/libvorbis.so.0.4.5
8d42b000-8d42c000 rw-p 0002a000 08:0a 661624     /usr/lib/i386-linux-gnu/libvorbis.so.0.4.5
8d42c000-8d592000 r-xp 00000000 08:0a 661626     /usr/lib/i386-linux-gnu/libvorbisenc.so.2.0.8
8d592000-8d5a3000 r--p 00165000 08:0a 661626     /usr/lib/i386-linux-gnu/libvorbisenc.so.2.0.8
8d5a3000-8d5a4000 rw-p 00176000 08:0a 661626     /usr/lib/i386-linux-gnu/libvorbisenc.so.2.0.8
8d5a4000-8d5d6000 r-xp 00000000 08:0a 660593     /usr/lib/i386-linux-gnu/libFLAC.so.8.3.0
8d5d6000-8d5d7000 r--p 00031000 08:0a 660593     /usr/lib/i386-linux-gnu/libFLAC.so.8.3.0
8d5d7000-8d5d8000 rw-p 00032000 08:0a 660593     /usr/lib/i386-linux-gnu/libFLAC.so.8.3.0
8d5d8000-8d643000 r-xp 00000000 08:0a 661521     /usr/lib/i386-linux-gnu/libsndfile.so.1.0.25
8d643000-8d644000 ---p 0006b000 08:0a 661521     /usr/lib/i386-linux-gnu/libsndfile.so.1.0.25
8d644000-8d645000 r--p 0006b000 08:0a 661521     /usr/lib/i386-linux-gnu/libsndfile.so.1.0.25
8d645000-8d646000 rw-p 0006c000 08:0a 661521     /usr/lib/i386-linux-gnu/libsndfile.so.1.0.25
8d646000-8d64a000 rw-p 00000000 00:00 0 
8d64a000-8d693000 r-xp 00000000 08:0a 525251     /lib/i386-linux-gnu/libdbus-1.so.3.7.4
8d693000-8d694000 r--p 00048000 08:0a 525251     /lib/i386-linux-gnu/libdbus-1.so.3.7.4
8d694000-8d695000 rw-p 00049000 08:0a 525251     /lib/i386-linux-gnu/libdbus-1.so.3.7.4
8d695000-8d702000 r-xp 00000000 08:0a 791079     /usr/lib/i386-linux-gnu/pulseaudio/libpulsecommon-4.0.so
8d702000-8d703000 r--p 0006c000 08:0a 791079     /usr/lib/i386-linux-gnu/pulseaudio/libpulsecommon-4.0.so
8d703000-8d704000 rw-p 0006d000 08:0a 791079     /usr/lib/i386-linux-gnu/pulseaudio/libpulsecommon-4.0.so
8d704000-8d751000 r-xp 00000000 08:0a 661458     /usr/lib/i386-linux-gnu/libpulse.so.0.16.2
8d751000-8d752000 r--p 0004c000 08:0a 661458     /usr/lib/i386-linux-gnu/libpulse.so.0.16.2
8d752000-8d753000 rw-p 0004d000 08:0a 661458     /usr/lib/i386-linux-gnu/libpulse.so.0.16.2
8d753000-8d7a1000 r-xp 00000000 08:0a 303943     /tmp/libgdxnickan/13fdc6a4/libopenal.so
8d7a1000-8d7a3000 r--p 0004d000 08:0a 303943     /tmp/libgdxnickan/13fdc6a4/libopenal.so
8d7a3000-8d7a4000 rw-p 0004f000 08:0a 303943     /tmp/libgdxnickan/13fdc6a4/libopenal.so
8d7a4000-8d7fe000 r-xp 00000000 08:0a 303941     /tmp/libgdxnickan/13fdc6a4/liblwjgl.so
8d7fe000-8d7ff000 r--p 0005a000 08:0a 303941     /tmp/libgdxnickan/13fdc6a4/liblwjgl.so
8d7ff000-8d800000 rw-p 0005b000 08:0a 303941     /tmp/libgdxnickan/13fdc6a4/liblwjgl.so
8d800000-8d840000 rw-p 00000000 00:00 0 
8d840000-8d900000 ---p 00000000 00:00 0 
8d903000-8d908000 r-xp 00000000 08:0a 660810     /usr/lib/i386-linux-gnu/libasyncns.so.0.3.1
8d908000-8d909000 r--p 00004000 08:0a 660810     /usr/lib/i386-linux-gnu/libasyncns.so.0.3.1
8d909000-8d90a000 rw-p 00005000 08:0a 660810     /usr/lib/i386-linux-gnu/libasyncns.so.0.3.1
8d90a000-8d912000 r-xp 00000000 08:0a 525394     /lib/i386-linux-gnu/libwrap.so.0.7.6
8d912000-8d913000 r--p 00007000 08:0a 525394     /lib/i386-linux-gnu/libwrap.so.0.7.6
8d913000-8d914000 rw-p 00008000 08:0a 525394     /lib/i386-linux-gnu/libwrap.so.0.7.6
8d914000-8d91d000 r-xp 00000000 08:0a 525279     /lib/i386-linux-gnu/libjson-c.so.2.0.1
8d91d000-8d91e000 r--p 00008000 08:0a 525279     /lib/i386-linux-gnu/libjson-c.so.2.0.1
8d91e000-8d91f000 rw-p 00009000 08:0a 525279     /lib/i386-linux-gnu/libjson-c.so.2.0.1
8d91f000-8d923000 r-xp 00000000 08:0a 660777     /usr/lib/i386-linux-gnu/libXxf86vm.so.1.0.0
8d923000-8d924000 r--p 00004000 08:0a 660777     /usr/lib/i386-linux-gnu/libXxf86vm.so.1.0.0
8d924000-8d925000 rw-p 00005000 08:0a 660777     /usr/lib/i386-linux-gnu/libXxf86vm.so.1.0.0
8d925000-8d92e000 r-xp 00000000 08:0a 660765     /usr/lib/i386-linux-gnu/libXrandr.so.2.2.0
8d92e000-8d92f000 r--p 00008000 08:0a 660765     /usr/lib/i386-linux-gnu/libXrandr.so.2.2.0
8d92f000-8d930000 rw-p 00009000 08:0a 660765     /usr/lib/i386-linux-gnu/libXrandr.so.2.2.0
8d930000-8d933000 ---p 00000000 00:00 0 
8d933000-8d981000 rw-p 00000000 00:00 0          [stack:11186]
8d981000-8d98a000 r-xp 00000000 08:0a 660739     /usr/lib/i386-linux-gnu/libXcursor.so.1.0.2
8d98a000-8d98b000 r--p 00008000 08:0a 660739     /usr/lib/i386-linux-gnu/libXcursor.so.1.0.2
8d98b000-8d98c000 rw-p 00009000 08:0a 660739     /usr/lib/i386-linux-gnu/libXcursor.so.1.0.2
8d98c000-8d98f000 ---p 00000000 00:00 0 
8d98f000-8d9dd000 rw-p 00000000 00:00 0          [stack:11185]
8d9dd000-8d9fc000 r-xp 00000000 08:0a 661682     /usr/lib/i386-linux-gnu/libxcb.so.1.1.0
8d9fc000-8d9fd000 r--p 0001f000 08:0a 661682     /usr/lib/i386-linux-gnu/libxcb.so.1.1.0
8d9fd000-8d9fe000 rw-p 00020000 08:0a 661682     /usr/lib/i386-linux-gnu/libxcb.so.1.1.0
8d9fe000-8da0d000 r-xp 00000000 08:0a 660753     /usr/lib/i386-linux-gnu/libXi.so.6.1.0
8da0d000-8da0e000 r--p 0000e000 08:0a 660753     /usr/lib/i386-linux-gnu/libXi.so.6.1.0
8da0e000-8da0f000 rw-p 0000f000 08:0a 660753     /usr/lib/i386-linux-gnu/libXi.so.6.1.0
8da0f000-8db3f000 r-xp 00000000 08:0a 660728     /usr/lib/i386-linux-gnu/libX11.so.6.3.0
8db3f000-8db40000 ---p 00130000 08:0a 660728     /usr/lib/i386-linux-gnu/libX11.so.6.3.0
8db40000-8db41000 r--p 00130000 08:0a 660728     /usr/lib/i386-linux-gnu/libX11.so.6.3.0
8db41000-8db43000 rw-p 00131000 08:0a 660728     /usr/lib/i386-linux-gnu/libX11.so.6.3.0
8db43000-8db44000 rw-p 00000000 00:00 0 
8db44000-8db8d000 r-xp 00000000 08:0a 813785     /usr/lib/jvm/java-7-oracle/jre/lib/i386/xawt/libmawt.so
8db8d000-8db8f000 rw-p 00049000 08:0a 813785     /usr/lib/jvm/java-7-oracle/jre/lib/i386/xawt/libmawt.so
8db8f000-8db90000 rw-p 00000000 00:00 0 
8db90000-8dc16000 r-xp 00000000 08:0a 813766     /usr/lib/jvm/java-7-oracle/jre/lib/i386/libawt.so
8dc16000-8dc1d000 rw-p 00086000 08:0a 813766     /usr/lib/jvm/java-7-oracle/jre/lib/i386/libawt.so
8dc1d000-8dc41000 rw-p 00000000 00:00 0 
8dc41000-8dc5c000 r-xp 00000000 08:0a 530790     /lib/i386-linux-gnu/libgcc_s.so.1
8dc5c000-8dc5d000 r--p 0001a000 08:0a 530790     /lib/i386-linux-gnu/libgcc_s.so.1
8dc5d000-8dc5e000 rw-p 0001b000 08:0a 530790     /lib/i386-linux-gnu/libgcc_s.so.1
8dc5e000-8dd3b000 r-xp 00000000 08:0a 672619     /usr/lib/i386-linux-gnu/libstdc++.so.6.0.18
8dd3b000-8dd3f000 r--p 000dc000 08:0a 672619     /usr/lib/i386-linux-gnu/libstdc++.so.6.0.18
8dd3f000-8dd40000 rw-p 000e0000 08:0a 672619     /usr/lib/i386-linux-gnu/libstdc++.so.6.0.18
8dd40000-8dd47000 rw-p 00000000 00:00 0 
8dd47000-8ddb6000 r-xp 00000000 08:0a 303937     /tmp/libgdxnickan/2df45360/libgdx.so
8ddb6000-8ddb7000 r--p 0006f000 08:0a 303937     /tmp/libgdxnickan/2df45360/libgdx.so
8ddb7000-8ddb8000 rw-p 00070000 08:0a 303937     /tmp/libgdxnickan/2df45360/libgdx.so
8ddb8000-8ddb9000 ---p 00000000 00:00 0 
8ddb9000-8de39000 rw-p 00000000 00:00 0          [stack:11184]
8de39000-8de3c000 ---p 00000000 00:00 0 
8de3c000-8de8a000 rw-p 00000000 00:00 0          [stack:11183]
8de8a000-8de8d000 ---p 00000000 00:00 0 
8de8d000-8df0b000 rw-p 00000000 00:00 0          [stack:11182]
8df0b000-8df0e000 ---p 00000000 00:00 0 
8df0e000-8df8c000 rw-p 00000000 00:00 0          [stack:11181]
8df8c000-8df8f000 ---p 00000000 00:00 0 
8df8f000-8dfdd000 rw-p 00000000 00:00 0          [stack:11180]
8dfdd000-8e1dd000 r--p 00000000 08:0a 662255     /usr/lib/locale/locale-archive
8e1dd000-8e1e0000 ---p 00000000 00:00 0 
8e1e0000-8e22e000 rw-p 00000000 00:00 0          [stack:11179]
8e22e000-8e231000 ---p 00000000 00:00 0 
8e231000-8e27f000 rw-p 00000000 00:00 0          [stack:11178]
8e27f000-8e280000 ---p 00000000 00:00 0 
8e280000-8e300000 rw-p 00000000 00:00 0          [stack:11177]
8e300000-8e3fa000 rw-p 00000000 00:00 0 
8e3fa000-8e400000 ---p 00000000 00:00 0 
8e400000-8e411000 r-xp 00000000 08:0a 660745     /usr/lib/i386-linux-gnu/libXext.so.6.4.0
8e411000-8e412000 r--p 00010000 08:0a 660745     /usr/lib/i386-linux-gnu/libXext.so.6.4.0
8e412000-8e413000 rw-p 00011000 08:0a 660745     /usr/lib/i386-linux-gnu/libXext.so.6.4.0
8e413000-8e45e000 rw-p 00000000 00:00 0 
8e45e000-8e61a000 r--s 039b2000 08:0a 813856     /usr/lib/jvm/java-7-oracle/jre/lib/rt.jar
8e61a000-8fa00000 rw-p 00000000 00:00 0 
8fa00000-8fa37000 rw-p 00000000 00:00 0 
8fa37000-8fb00000 ---p 00000000 00:00 0 
8fb03000-8fb0c000 r-xp 00000000 08:0a 660767     /usr/lib/i386-linux-gnu/libXrender.so.1.3.0
8fb0c000-8fb0d000 r--p 00008000 08:0a 660767     /usr/lib/i386-linux-gnu/libXrender.so.1.3.0
8fb0d000-8fb0e000 rw-p 00009000 08:0a 660767     /usr/lib/i386-linux-gnu/libXrender.so.1.3.0
8fb1d000-8fb24000 r--s 00000000 08:0a 790492     /usr/lib/i386-linux-gnu/gconv/gconv-modules.cache
8fb24000-8fb7f000 rw-p 00000000 00:00 0 
8fb7f000-8fb80000 ---p 00000000 00:00 0 
8fb80000-8fc00000 rw-p 00000000 00:00 0          [stack:11176]
8fc00000-8fc21000 rw-p 00000000 00:00 0 
8fc21000-8fd00000 ---p 00000000 00:00 0 
8fd02000-8fd06000 r-xp 00000000 08:0a 660747     /usr/lib/i386-linux-gnu/libXfixes.so.3.1.0
8fd06000-8fd07000 r--p 00003000 08:0a 660747     /usr/lib/i386-linux-gnu/libXfixes.so.3.1.0
8fd07000-8fd08000 rw-p 00004000 08:0a 660747     /usr/lib/i386-linux-gnu/libXfixes.so.3.1.0
8fd08000-8fd13000 r--s 0037c000 08:0a 813837     /usr/lib/jvm/java-7-oracle/jre/lib/charsets.jar
8fd13000-8fd25000 r--s 00126000 08:0a 539271     /home/nickan/LibGDX Created Games/Epiphany3D-desktop/libs/gdx-backend-lwjgl.jar
8fd25000-8fd3b000 r--s 00142000 08:0a 539118     /home/nickan/LibGDX Created Games/Epiphany3D/libs/gdx.jar
8fd3b000-8fd3c000 ---p 00000000 00:00 0 
8fd3c000-8fdc7000 rw-p 00000000 00:00 0          [stack:11175]
8fdc7000-8fe64000 rw-p 00000000 00:00 0 
8fe64000-8fe6c000 rw-p 00000000 00:00 0 
8fe6c000-8fe84000 rw-p 00000000 00:00 0 
8fe84000-8fe8f000 rw-p 00000000 00:00 0 
8fe8f000-8ff2b000 rw-p 00000000 00:00 0 
8ff2b000-8ff31000 rw-p 00000000 00:00 0 
8ff31000-8ff7f000 rw-p 00000000 00:00 0 
8ff7f000-90f80000 rw-p 00000000 00:00 0 
90f80000-93f80000 rw-p 00000000 00:00 0 
93f80000-95440000 rw-p 00000000 00:00 0 
95440000-a8e00000 rw-p 00000000 00:00 0 
a8e00000-a9880000 rw-p 00000000 00:00 0 
a9880000-b3580000 rw-p 00000000 00:00 0 
b3581000-b3582000 r-xp 00000000 08:0a 813773     /usr/lib/jvm/java-7-oracle/jre/lib/i386/libjawt.so
b3582000-b3583000 rw-p 00000000 08:0a 813773     /usr/lib/jvm/java-7-oracle/jre/lib/i386/libjawt.so
b3583000-b3588000 r-xp 00000000 08:0a 660743     /usr/lib/i386-linux-gnu/libXdmcp.so.6.0.0
b3588000-b3589000 r--p 00004000 08:0a 660743     /usr/lib/i386-linux-gnu/libXdmcp.so.6.0.0
b3589000-b358a000 rw-p 00005000 08:0a 660743     /usr/lib/i386-linux-gnu/libXdmcp.so.6.0.0
b358a000-b3592000 rw-p 00000000 00:00 0 
b3592000-b35aa000 rw-p 00000000 00:00 0 
b35aa000-b35b3000 rw-p 00000000 00:00 0 
b35b3000-b366a000 rw-p 00000000 00:00 0 
b366a000-b38aa000 rwxp 00000000 00:00 0 
b38aa000-b666a000 rw-p 00000000 00:00 0 
b666a000-b6681000 r-xp 00000000 08:0a 813781     /usr/lib/jvm/java-7-oracle/jre/lib/i386/libzip.so
b6681000-b6682000 rw-p 00017000 08:0a 813781     /usr/lib/jvm/java-7-oracle/jre/lib/i386/libzip.so
b6682000-b668d000 r-xp 00000000 08:0a 525315     /lib/i386-linux-gnu/libnss_files-2.17.so
b668d000-b668e000 r--p 0000a000 08:0a 525315     /lib/i386-linux-gnu/libnss_files-2.17.so
b668e000-b668f000 rw-p 0000b000 08:0a 525315     /lib/i386-linux-gnu/libnss_files-2.17.so
b668f000-b6699000 r-xp 00000000 08:0a 525319     /lib/i386-linux-gnu/libnss_nis-2.17.so
b6699000-b669a000 r--p 00009000 08:0a 525319     /lib/i386-linux-gnu/libnss_nis-2.17.so
b669a000-b669b000 rw-p 0000a000 08:0a 525319     /lib/i386-linux-gnu/libnss_nis-2.17.so
b669b000-b66b0000 r-xp 00000000 08:0a 525309     /lib/i386-linux-gnu/libnsl-2.17.so
b66b0000-b66b1000 r--p 00014000 08:0a 525309     /lib/i386-linux-gnu/libnsl-2.17.so
b66b1000-b66b2000 rw-p 00015000 08:0a 525309     /lib/i386-linux-gnu/libnsl-2.17.so
b66b2000-b66b4000 rw-p 00000000 00:00 0 
b66b4000-b66bb000 r-xp 00000000 08:0a 525311     /lib/i386-linux-gnu/libnss_compat-2.17.so
b66bb000-b66bc000 r--p 00006000 08:0a 525311     /lib/i386-linux-gnu/libnss_compat-2.17.so
b66bc000-b66bd000 rw-p 00007000 08:0a 525311     /lib/i386-linux-gnu/libnss_compat-2.17.so
b66be000-b66c3000 r-xp 00000000 08:0a 660771     /usr/lib/i386-linux-gnu/libXtst.so.6.1.0
b66c3000-b66c4000 r--p 00004000 08:0a 660771     /usr/lib/i386-linux-gnu/libXtst.so.6.1.0
b66c4000-b66c5000 rw-p 00005000 08:0a 660771     /usr/lib/i386-linux-gnu/libXtst.so.6.1.0
b66c5000-b66d3000 rw-p 00000000 00:00 0 
b66d3000-b66f6000 r-xp 00000000 08:0a 813754     /usr/lib/jvm/java-7-oracle/jre/lib/i386/libjava.so
b66f6000-b66f7000 rw-p 00022000 08:0a 813754     /usr/lib/jvm/java-7-oracle/jre/lib/i386/libjava.so
b66f7000-b66fe000 r-xp 00000000 08:0a 525362     /lib/i386-linux-gnu/librt-2.17.so
b66fe000-b66ff000 r--p 00006000 08:0a 525362     /lib/i386-linux-gnu/librt-2.17.so
b66ff000-b6700000 rw-p 00007000 08:0a 525362     /lib/i386-linux-gnu/librt-2.17.so
b6700000-b67f3000 rw-p 00000000 00:00 0 
b67f3000-b6800000 ---p 00000000 00:00 0 
b6800000-b6802000 r-xp 00000000 08:0a 660732     /usr/lib/i386-linux-gnu/libXau.so.6.0.0
b6802000-b6803000 r--p 00001000 08:0a 660732     /usr/lib/i386-linux-gnu/libXau.so.6.0.0
b6803000-b6804000 rw-p 00002000 08:0a 660732     /usr/lib/i386-linux-gnu/libXau.so.6.0.0
b6804000-b6805000 r--s 0018b000 08:0a 539272     /home/nickan/LibGDX Created Games/Epiphany3D-desktop/libs/gdx-natives.jar
b6805000-b6807000 r--s 0019e000 08:0a 539269     /home/nickan/LibGDX Created Games/Epiphany3D-desktop/libs/gdx-backend-lwjgl-natives.jar
b6807000-b6808000 r--p 00853000 08:0a 662255     /usr/lib/locale/locale-archive
b6808000-b680b000 ---p 00000000 00:00 0 
b680b000-b6859000 rw-p 00000000 00:00 0          [stack:11174]
b6859000-b689a000 r-xp 00000000 08:0a 525290     /lib/i386-linux-gnu/libm-2.17.so
b689a000-b689b000 r--p 00040000 08:0a 525290     /lib/i386-linux-gnu/libm-2.17.so
b689b000-b689c000 rw-p 00041000 08:0a 525290     /lib/i386-linux-gnu/libm-2.17.so
b689c000-b7113000 r-xp 00000000 08:0a 813772     /usr/lib/jvm/java-7-oracle/jre/lib/i386/server/libjvm.so
b7113000-b7178000 rw-p 00876000 08:0a 813772     /usr/lib/jvm/java-7-oracle/jre/lib/i386/server/libjvm.so
b7178000-b759b000 rw-p 00000000 00:00 0 
b759b000-b7749000 r-xp 00000000 08:0a 525239     /lib/i386-linux-gnu/libc-2.17.so
b7749000-b774b000 r--p 001ae000 08:0a 525239     /lib/i386-linux-gnu/libc-2.17.so
b774b000-b774c000 rw-p 001b0000 08:0a 525239     /lib/i386-linux-gnu/libc-2.17.so
b774c000-b774f000 rw-p 00000000 00:00 0 
b774f000-b7752000 r-xp 00000000 08:0a 525254     /lib/i386-linux-gnu/libdl-2.17.so
b7752000-b7753000 r--p 00002000 08:0a 525254     /lib/i386-linux-gnu/libdl-2.17.so
b7753000-b7754000 rw-p 00003000 08:0a 525254     /lib/i386-linux-gnu/libdl-2.17.so
b7754000-b7767000 r-xp 00000000 08:0a 673220     /usr/lib/jvm/java-7-oracle/lib/i386/jli/libjli.so
b7767000-b7768000 rw-p 00012000 08:0a 673220     /usr/lib/jvm/java-7-oracle/lib/i386/jli/libjli.so
b7768000-b7769000 rw-p 00000000 00:00 0 
b7769000-b7780000 r-xp 00000000 08:0a 525354     /lib/i386-linux-gnu/libpthread-2.17.so
b7780000-b7781000 r--p 00016000 08:0a 525354     /lib/i386-linux-gnu/libpthread-2.17.so
b7781000-b7782000 rw-p 00017000 08:0a 525354     /lib/i386-linux-gnu/libpthread-2.17.so
b7782000-b7784000 rw-p 00000000 00:00 0 
b7784000-b778c000 rw-s 00000000 08:0a 1076520    /tmp/hsperfdata_nickan/11169
b778c000-b778d000 rw-p 00000000 00:00 0 
b778d000-b778e000 r--p 00000000 00:00 0 
b778e000-b7799000 r-xp 00000000 08:0a 813782     /usr/lib/jvm/java-7-oracle/jre/lib/i386/libverify.so
b7799000-b779a000 rw-p 0000b000 08:0a 813782     /usr/lib/jvm/java-7-oracle/jre/lib/i386/libverify.so
b779a000-b779c000 rw-p 00000000 00:00 0 
b779c000-b779d000 r-xp 00000000 00:00 0          [vdso]
b779d000-b77bd000 r-xp 00000000 08:0a 525215     /lib/i386-linux-gnu/ld-2.17.so
b77bd000-b77be000 r--p 0001f000 08:0a 525215     /lib/i386-linux-gnu/ld-2.17.so
b77be000-b77bf000 rw-p 00020000 08:0a 525215     /lib/i386-linux-gnu/ld-2.17.so
bfd49000-bfd6a000 rw-p 00000000 00:00 0          [stack]

VM Arguments:
jvm_args: -Dfile.encoding=UTF-8 
java_command: com.nickan.epiphany3D.Main
Launcher Type: SUN_STANDARD

Environment Variables:
JAVA_HOME=/usr/lib/jvm/java-7-oracle
PATH=/usr/lib/lightdm/lightdm:/usr/local/sbin:/usr/local/bin:/usr/sbin:/usr/bin:/sbin:/bin:/usr/games:/usr/local/games:/usr/lib/jvm/java-7-oracle/bin:/usr/lib/jvm/java-7-oracle/db/bin:/usr/lib/jvm/java-7-oracle/jre/bin
LD_LIBRARY_PATH=/usr/lib/jvm/java-7-oracle/jre/lib/i386/server:/usr/lib/jvm/java-7-oracle/jre/lib/i386:/usr/lib/jvm/java-7-oracle/jre/../lib/i386:/usr/lib/jvm/java-7-oracle/jre/lib/i386/client:/usr/lib/jvm/java-7-oracle/jre/lib/i386:
SHELL=/bin/bash
DISPLAY=:0.0

Signal Handlers:
SIGSEGV: [libjvm.so+0x7dd350], sa_mask[0]=0x7ffbfeff, sa_flags=0x10000004
SIGBUS: [libjvm.so+0x7dd350], sa_mask[0]=0x7ffbfeff, sa_flags=0x10000004
SIGFPE: [libjvm.so+0x678b60], sa_mask[0]=0x7ffbfeff, sa_flags=0x10000004
SIGPIPE: [libjvm.so+0x678b60], sa_mask[0]=0x7ffbfeff, sa_flags=0x10000004
SIGXFSZ: [libjvm.so+0x678b60], sa_mask[0]=0x7ffbfeff, sa_flags=0x10000004
SIGILL: [libjvm.so+0x678b60], sa_mask[0]=0x7ffbfeff, sa_flags=0x10000004
SIGUSR1: SIG_DFL, sa_mask[0]=0x00000000, sa_flags=0x00000000
SIGUSR2: [libjvm.so+0x67a050], sa_mask[0]=0x00000004, sa_flags=0x10000004
SIGHUP: [libjvm.so+0x67b1a0], sa_mask[0]=0x7ffbfeff, sa_flags=0x10000004
SIGINT: [libjvm.so+0x67b1a0], sa_mask[0]=0x7ffbfeff, sa_flags=0x10000004
SIGTERM: [libjvm.so+0x67b1a0], sa_mask[0]=0x7ffbfeff, sa_flags=0x10000004
SIGQUIT: [libjvm.so+0x67b1a0], sa_mask[0]=0x7ffbfeff, sa_flags=0x10000004


---------------  S Y S T E M  ---------------

OS:wheezy/sid

uname:Linux 3.11.0-14-generic #21-Ubuntu SMP Tue Nov 12 17:07:40 UTC 2013 i686
libc:glibc 2.17 NPTL 2.17 
rlimit: STACK 8192k, CORE 0k, NPROC 15917, NOFILE 4096, AS infinity
load average:1.55 0.95 0.72

/proc/meminfo:
MemTotal:        2054896 kB
MemFree:          205736 kB
Buffers:           66888 kB
Cached:           829604 kB
SwapCached:         4108 kB
Active:           804664 kB
Inactive:         945736 kB
Active(anon):     564148 kB
Inactive(anon):   705872 kB
Active(file):     240516 kB
Inactive(file):   239864 kB
Unevictable:          32 kB
Mlocked:              32 kB
HighTotal:       1173912 kB
HighFree:          33980 kB
LowTotal:         880984 kB
LowFree:          171756 kB
SwapTotal:       1951740 kB
SwapFree:        1943532 kB
Dirty:              2088 kB
Writeback:             0 kB
AnonPages:        850052 kB
Mapped:           183144 kB
Shmem:            415972 kB
Slab:              67380 kB
SReclaimable:      48956 kB
SUnreclaim:        18424 kB
KernelStack:        3864 kB
PageTables:        11756 kB
NFS_Unstable:          0 kB
Bounce:                0 kB
WritebackTmp:          0 kB
CommitLimit:     2979188 kB
Committed_AS:    4801712 kB
VmallocTotal:     122880 kB
VmallocUsed:       16524 kB
VmallocChunk:     105460 kB
HardwareCorrupted:     0 kB
AnonHugePages:         0 kB
HugePages_Total:       0
HugePages_Free:        0
HugePages_Rsvd:        0
HugePages_Surp:        0
Hugepagesize:       2048 kB
DirectMap4k:       12280 kB
DirectMap2M:      901120 kB


CPU:total 2 (2 cores per cpu, 1 threads per core) family 6 model 15 stepping 13, cmov, cx8, fxsr, mmx, sse, sse2, sse3, ssse3, tsc

/proc/cpuinfo:
processor	: 0
vendor_id	: GenuineIntel
cpu family	: 6
model		: 15
model name	: Intel(R) Pentium(R) Dual  CPU  T2310  @ 1.46GHz
stepping	: 13
microcode	: 0xa1
cpu MHz		: 1467.000
cache size	: 1024 KB
physical id	: 0
siblings	: 2
core id		: 0
cpu cores	: 2
apicid		: 0
initial apicid	: 0
fdiv_bug	: no
f00f_bug	: no
coma_bug	: no
fpu		: yes
fpu_exception	: yes
cpuid level	: 10
wp		: yes
flags		: fpu vme de pse tsc msr pae mce cx8 apic sep mtrr pge mca cmov pat pse36 clflush dts acpi mmx fxsr sse sse2 ss ht tm pbe nx lm constant_tsc arch_perfmon pebs bts aperfmperf pni dtes64 monitor ds_cpl est tm2 ssse3 cx16 xtpr pdcm lahf_lm dtherm
bogomips	: 2925.78
clflush size	: 64
cache_alignment	: 64
address sizes	: 36 bits physical, 48 bits virtual
power management:

processor	: 1
vendor_id	: GenuineIntel
cpu family	: 6
model		: 15
model name	: Intel(R) Pentium(R) Dual  CPU  T2310  @ 1.46GHz
stepping	: 13
microcode	: 0xa1
cpu MHz		: 1467.000
cache size	: 1024 KB
physical id	: 0
siblings	: 2
core id		: 1
cpu cores	: 2
apicid		: 1
initial apicid	: 1
fdiv_bug	: no
f00f_bug	: no
coma_bug	: no
fpu		: yes
fpu_exception	: yes
cpuid level	: 10
wp		: yes
flags		: fpu vme de pse tsc msr pae mce cx8 apic sep mtrr pge mca cmov pat pse36 clflush dts acpi mmx fxsr sse sse2 ss ht tm pbe nx lm constant_tsc arch_perfmon pebs bts aperfmperf pni dtes64 monitor ds_cpl est tm2 ssse3 cx16 xtpr pdcm lahf_lm dtherm
bogomips	: 2925.78
clflush size	: 64
cache_alignment	: 64
address sizes	: 36 bits physical, 48 bits virtual
power management:



Memory: 4k page, physical 2054896k(205612k free), swap 1951740k(1943532k free)

vm_info: Java HotSpot(TM) Server VM (24.45-b08) for linux-x86 JRE (1.7.0_45-b18), built on Oct  8 2013 05:44:51 by "java_re" with gcc 4.3.0 20080428 (Red Hat 4.3.0-8)

time: Sun Jan 12 11:38:17 2014
elapsed time: 0 seconds

